<?xml version="1.0" encoding="UTF-8"?>
<testsuite name="ohtu.MultiplierTest" tests="1" skipped="0" failures="0" errors="0" timestamp="2017-03-29T12:23:57" hostname="Joni-MacBook-Air.local" time="0.002">
  <properties/>
  <testcase name="kertominenToimii" classname="ohtu.MultiplierTest" time="0.002"/>
  <system-out><![CDATA[]]></system-out>
  <system-err><![CDATA[]]></system-err>
</testsuite>
